<?xml version="1.0" encoding="UTF-8"?>
<!-- Generated by org.testng.reporters.JUnitXMLReporter -->
<testsuite ignored="0" hostname="AQSA-ZAHOOR" failures="0" tests="12" name=" Sample Assignment 2 Test" time="56.3" errors="0" timestamp="2023-04-03T11:05:19 PKT">
  <testcase classname="tests.LoginPageTest" name="loginPageTitleTest" time="0.049"/>
  <testcase classname="tests.LoginPageTest" name="crmLogoImageTest" time="0.054"/>
  <testcase classname="tests.LoginPageTest" name="LoginTest" time="0.26"/>
  <testcase classname="tests.HomePageTest" name="verifyItemAdded" time="0.092"/>
  <testcase classname="tests.HomePageTest" name="verifyItemRemoved" time="0.164"/>
  <testcase classname="tests.HomePageTest" name="verifySidePane" time="0.108"/>
  <testcase classname="tests.HomePageTest" name="verifyLogout" time="0.262"/>
  <testcase classname="tests.AboutPageTest" name="VerifyClickOnAbout" time="9.61"/>
  <testcase classname="tests.AboutPageTest" name="VerifyTitleOfAboutPage" time="3.703"/>
  <testcase classname="tests.AboutPageTest" name="VerifyTryItFreeButton" time="7.377"/>
  <testcase classname="tests.AboutPageTest" name="VerifyScrollDownAboutPage" time="4.115"/>
  <testcase classname="tests.AboutPageTest" name="VerifySearch" time="1.768"/>
</testsuite> <!--  Sample Assignment 2 Test -->
