<?xml version="1.0" encoding="UTF-8"?>
<!-- Generated by org.testng.reporters.JUnitXMLReporter -->
<testsuite ignored="0" hostname="AQSA-ZAHOOR" failures="0" tests="12" name=" Sample Assignment 2 Test" time="49.598" errors="0" timestamp="2023-04-03T09:54:46 PKT">
  <testcase classname="tests.LoginPageTest" name="loginPageTitleTest" time="0.034"/>
  <testcase classname="tests.LoginPageTest" name="crmLogoImageTest" time="0.032"/>
  <testcase classname="tests.LoginPageTest" name="LoginTest" time="0.214"/>
  <testcase classname="tests.HomePageTest" name="verifyItemAdded" time="0.091"/>
  <testcase classname="tests.HomePageTest" name="verifyItemRemoved" time="0.141"/>
  <testcase classname="tests.HomePageTest" name="verifySidePane" time="0.097"/>
  <testcase classname="tests.HomePageTest" name="verifyLogout" time="0.293"/>
  <testcase classname="tests.AboutPageTest" name="VerifyTryItFreeButton" time="7.966"/>
  <testcase classname="tests.AboutPageTest" name="VerifyClickOnAbout" time="1.41"/>
  <testcase classname="tests.AboutPageTest" name="VerifyTitleOfAboutPage" time="1.426"/>
  <testcase classname="tests.AboutPageTest" name="VerifyScrollDownAboutPage" time="9.748"/>
  <testcase classname="tests.AboutPageTest" name="VerifySearch" time="4.244"/>
</testsuite> <!--  Sample Assignment 2 Test -->
