<?xml version="1.0" encoding="UTF-8"?>
<testsuite xmlns:xsi="http://www.w3.org/2001/XMLSchema-instance" xsi:noNamespaceSchemaLocation="https://maven.apache.org/surefire/maven-surefire-plugin/xsd/surefire-test-report.xsd" name="TestSuite" time="50.117" tests="12" errors="0" skipped="0" failures="0">
  <properties>
[...]
</properties>
  <testcase name="loginPageTitleTest" classname="tests.LoginPageTest" time="0.014"/>
  <testcase name="crmLogoImageTest" classname="tests.LoginPageTest" time="0.034"/>
  <testcase name="LoginTest" classname="tests.LoginPageTest" time="0.212"/>
  <testcase name="verifyItemAdded" classname="tests.HomePageTest" time="0.09"/>
  <testcase name="verifyItemRemoved" classname="tests.HomePageTest" time="0.14"/>
  <testcase name="verifySidePane" classname="tests.HomePageTest" time="0.093"/>
  <testcase name="verifyLogout" classname="tests.HomePageTest" time="0.293"/>
  <testcase name="VerifyTryItFreeButton" classname="tests.AboutPageTest" time="7.967"/>
  <testcase name="VerifyClickOnAbout" classname="tests.AboutPageTest" time="1.41"/>
  <testcase name="VerifyTitleOfAboutPage" classname="tests.AboutPageTest" time="1.426"/>
  <testcase name="VerifyScrollDownAboutPage" classname="tests.AboutPageTest" time="9.749"/>
  <testcase name="VerifySearch" classname="tests.AboutPageTest" time="4.244"/>
</testsuite>