<?xml version="1.0" encoding="UTF-8"?>
<testng-results ignored="0" total="12" passed="12" failed="0" skipped="0">
  <reporter-output>
  </reporter-output>
  <suite started-at="2023-04-03T09:53:56 PKT" name="Test Suite Final Assignment" finished-at="2023-04-03T09:54:46 PKT" duration-ms="49598">
    <groups>
    </groups>
    <test started-at="2023-04-03T09:53:56 PKT" name=" Sample Assignment 2 Test" finished-at="2023-04-03T09:54:46 PKT" duration-ms="49598">
      <class name="tests.HomePageTest">
        <test-method is-config="true" signature="setUp()[pri:0, instance:tests.HomePageTest@36916eb0]" started-at="2023-04-03T09:54:03 PKT" name="setUp" finished-at="2023-04-03T09:54:05 PKT" duration-ms="1675" status="PASS">
          <reporter-output>
          </reporter-output>
        </test-method> <!-- setUp -->
        <test-method signature="verifyItemAdded()[pri:1, instance:tests.HomePageTest@36916eb0]" started-at="2023-04-03T09:54:05 PKT" name="verifyItemAdded" finished-at="2023-04-03T09:54:05 PKT" duration-ms="91" status="PASS">
          <reporter-output>
          </reporter-output>
        </test-method> <!-- verifyItemAdded -->
        <test-method is-config="true" signature="tearDown()[pri:0, instance:tests.HomePageTest@36916eb0]" started-at="2023-04-03T09:54:05 PKT" name="tearDown" finished-at="2023-04-03T09:54:05 PKT" duration-ms="186" status="PASS">
          <reporter-output>
          </reporter-output>
        </test-method> <!-- tearDown -->
        <test-method is-config="true" signature="setUp()[pri:0, instance:tests.HomePageTest@36916eb0]" started-at="2023-04-03T09:54:05 PKT" name="setUp" finished-at="2023-04-03T09:54:07 PKT" duration-ms="1660" status="PASS">
          <reporter-output>
          </reporter-output>
        </test-method> <!-- setUp -->
        <test-method signature="verifyItemRemoved()[pri:2, instance:tests.HomePageTest@36916eb0]" started-at="2023-04-03T09:54:07 PKT" name="verifyItemRemoved" finished-at="2023-04-03T09:54:07 PKT" duration-ms="141" status="PASS">
          <reporter-output>
          </reporter-output>
        </test-method> <!-- verifyItemRemoved -->
        <test-method is-config="true" signature="tearDown()[pri:0, instance:tests.HomePageTest@36916eb0]" started-at="2023-04-03T09:54:07 PKT" name="tearDown" finished-at="2023-04-03T09:54:07 PKT" duration-ms="190" status="PASS">
          <reporter-output>
          </reporter-output>
        </test-method> <!-- tearDown -->
        <test-method is-config="true" signature="setUp()[pri:0, instance:tests.HomePageTest@36916eb0]" started-at="2023-04-03T09:54:07 PKT" name="setUp" finished-at="2023-04-03T09:54:08 PKT" duration-ms="1659" status="PASS">
          <reporter-output>
          </reporter-output>
        </test-method> <!-- setUp -->
        <test-method signature="verifySidePane()[pri:3, instance:tests.HomePageTest@36916eb0]" started-at="2023-04-03T09:54:08 PKT" name="verifySidePane" finished-at="2023-04-03T09:54:09 PKT" duration-ms="97" status="PASS">
          <reporter-output>
          </reporter-output>
        </test-method> <!-- verifySidePane -->
        <test-method is-config="true" signature="tearDown()[pri:0, instance:tests.HomePageTest@36916eb0]" started-at="2023-04-03T09:54:09 PKT" name="tearDown" finished-at="2023-04-03T09:54:09 PKT" duration-ms="208" status="PASS">
          <reporter-output>
          </reporter-output>
        </test-method> <!-- tearDown -->
        <test-method is-config="true" signature="setUp()[pri:0, instance:tests.HomePageTest@36916eb0]" started-at="2023-04-03T09:54:09 PKT" name="setUp" finished-at="2023-04-03T09:54:11 PKT" duration-ms="1737" status="PASS">
          <reporter-output>
          </reporter-output>
        </test-method> <!-- setUp -->
        <test-method signature="verifyLogout()[pri:4, instance:tests.HomePageTest@36916eb0]" started-at="2023-04-03T09:54:11 PKT" name="verifyLogout" finished-at="2023-04-03T09:54:11 PKT" duration-ms="293" status="PASS">
          <reporter-output>
          </reporter-output>
        </test-method> <!-- verifyLogout -->
        <test-method is-config="true" signature="tearDown()[pri:0, instance:tests.HomePageTest@36916eb0]" started-at="2023-04-03T09:54:11 PKT" name="tearDown" finished-at="2023-04-03T09:54:11 PKT" duration-ms="193" status="PASS">
          <reporter-output>
          </reporter-output>
        </test-method> <!-- tearDown -->
      </class> <!-- tests.HomePageTest -->
      <class name="tests.AboutPageTest">
        <test-method is-config="true" signature="setUp()[pri:0, instance:tests.AboutPageTest@23c30a20]" started-at="2023-04-03T09:54:11 PKT" name="setUp" finished-at="2023-04-03T09:54:13 PKT" duration-ms="1805" status="PASS">
          <reporter-output>
          </reporter-output>
        </test-method> <!-- setUp -->
        <test-method signature="VerifyTryItFreeButton()[pri:0, instance:tests.AboutPageTest@23c30a20]" started-at="2023-04-03T09:54:13 PKT" name="VerifyTryItFreeButton" finished-at="2023-04-03T09:54:21 PKT" duration-ms="7966" status="PASS">
          <reporter-output>
          </reporter-output>
        </test-method> <!-- VerifyTryItFreeButton -->
        <test-method is-config="true" signature="tearDown()[pri:0, instance:tests.AboutPageTest@23c30a20]" started-at="2023-04-03T09:54:21 PKT" name="tearDown" finished-at="2023-04-03T09:54:21 PKT" duration-ms="242" status="PASS">
          <reporter-output>
          </reporter-output>
        </test-method> <!-- tearDown -->
        <test-method is-config="true" signature="setUp()[pri:0, instance:tests.AboutPageTest@23c30a20]" started-at="2023-04-03T09:54:21 PKT" name="setUp" finished-at="2023-04-03T09:54:23 PKT" duration-ms="1768" status="PASS">
          <reporter-output>
          </reporter-output>
        </test-method> <!-- setUp -->
        <test-method signature="VerifyClickOnAbout()[pri:1, instance:tests.AboutPageTest@23c30a20]" started-at="2023-04-03T09:54:23 PKT" name="VerifyClickOnAbout" finished-at="2023-04-03T09:54:24 PKT" duration-ms="1410" status="PASS">
          <reporter-output>
          </reporter-output>
        </test-method> <!-- VerifyClickOnAbout -->
        <test-method is-config="true" signature="tearDown()[pri:0, instance:tests.AboutPageTest@23c30a20]" started-at="2023-04-03T09:54:24 PKT" name="tearDown" finished-at="2023-04-03T09:54:24 PKT" duration-ms="243" status="PASS">
          <reporter-output>
          </reporter-output>
        </test-method> <!-- tearDown -->
        <test-method is-config="true" signature="setUp()[pri:0, instance:tests.AboutPageTest@23c30a20]" started-at="2023-04-03T09:54:24 PKT" name="setUp" finished-at="2023-04-03T09:54:26 PKT" duration-ms="1700" status="PASS">
          <reporter-output>
          </reporter-output>
        </test-method> <!-- setUp -->
        <test-method signature="VerifyTitleOfAboutPage()[pri:2, instance:tests.AboutPageTest@23c30a20]" started-at="2023-04-03T09:54:26 PKT" name="VerifyTitleOfAboutPage" finished-at="2023-04-03T09:54:28 PKT" duration-ms="1426" status="PASS">
          <reporter-output>
          </reporter-output>
        </test-method> <!-- VerifyTitleOfAboutPage -->
        <test-method is-config="true" signature="tearDown()[pri:0, instance:tests.AboutPageTest@23c30a20]" started-at="2023-04-03T09:54:28 PKT" name="tearDown" finished-at="2023-04-03T09:54:28 PKT" duration-ms="253" status="PASS">
          <reporter-output>
          </reporter-output>
        </test-method> <!-- tearDown -->
        <test-method is-config="true" signature="setUp()[pri:0, instance:tests.AboutPageTest@23c30a20]" started-at="2023-04-03T09:54:28 PKT" name="setUp" finished-at="2023-04-03T09:54:30 PKT" duration-ms="1829" status="PASS">
          <reporter-output>
          </reporter-output>
        </test-method> <!-- setUp -->
        <test-method signature="VerifyScrollDownAboutPage()[pri:3, instance:tests.AboutPageTest@23c30a20]" started-at="2023-04-03T09:54:30 PKT" name="VerifyScrollDownAboutPage" finished-at="2023-04-03T09:54:39 PKT" duration-ms="9748" status="PASS">
          <reporter-output>
          </reporter-output>
        </test-method> <!-- VerifyScrollDownAboutPage -->
        <test-method is-config="true" signature="tearDown()[pri:0, instance:tests.AboutPageTest@23c30a20]" started-at="2023-04-03T09:54:39 PKT" name="tearDown" finished-at="2023-04-03T09:54:40 PKT" duration-ms="244" status="PASS">
          <reporter-output>
          </reporter-output>
        </test-method> <!-- tearDown -->
        <test-method is-config="true" signature="setUp()[pri:0, instance:tests.AboutPageTest@23c30a20]" started-at="2023-04-03T09:54:40 PKT" name="setUp" finished-at="2023-04-03T09:54:41 PKT" duration-ms="1761" status="PASS">
          <reporter-output>
          </reporter-output>
        </test-method> <!-- setUp -->
        <test-method signature="VerifySearch()[pri:4, instance:tests.AboutPageTest@23c30a20]" started-at="2023-04-03T09:54:41 PKT" name="VerifySearch" finished-at="2023-04-03T09:54:46 PKT" duration-ms="4244" status="PASS">
          <reporter-output>
          </reporter-output>
        </test-method> <!-- VerifySearch -->
        <test-method is-config="true" signature="tearDown()[pri:0, instance:tests.AboutPageTest@23c30a20]" started-at="2023-04-03T09:54:46 PKT" name="tearDown" finished-at="2023-04-03T09:54:46 PKT" duration-ms="251" status="PASS">
          <reporter-output>
          </reporter-output>
        </test-method> <!-- tearDown -->
      </class> <!-- tests.AboutPageTest -->
      <class name="tests.LoginPageTest">
        <test-method is-config="true" signature="setUp()[pri:0, instance:tests.LoginPageTest@66d3eec0]" started-at="2023-04-03T09:53:56 PKT" name="setUp" finished-at="2023-04-03T09:53:59 PKT" duration-ms="2329" status="PASS">
          <reporter-output>
          </reporter-output>
        </test-method> <!-- setUp -->
        <test-method signature="loginPageTitleTest()[pri:1, instance:tests.LoginPageTest@66d3eec0]" started-at="2023-04-03T09:53:59 PKT" name="loginPageTitleTest" finished-at="2023-04-03T09:53:59 PKT" duration-ms="34" status="PASS">
          <reporter-output>
          </reporter-output>
        </test-method> <!-- loginPageTitleTest -->
        <test-method is-config="true" signature="tearDown()[pri:0, instance:tests.LoginPageTest@66d3eec0]" started-at="2023-04-03T09:53:59 PKT" name="tearDown" finished-at="2023-04-03T09:53:59 PKT" duration-ms="194" status="PASS">
          <reporter-output>
          </reporter-output>
        </test-method> <!-- tearDown -->
        <test-method is-config="true" signature="setUp()[pri:0, instance:tests.LoginPageTest@66d3eec0]" started-at="2023-04-03T09:53:59 PKT" name="setUp" finished-at="2023-04-03T09:54:01 PKT" duration-ms="1688" status="PASS">
          <reporter-output>
          </reporter-output>
        </test-method> <!-- setUp -->
        <test-method signature="crmLogoImageTest()[pri:2, instance:tests.LoginPageTest@66d3eec0]" started-at="2023-04-03T09:54:01 PKT" name="crmLogoImageTest" finished-at="2023-04-03T09:54:01 PKT" duration-ms="32" status="PASS">
          <reporter-output>
          </reporter-output>
        </test-method> <!-- crmLogoImageTest -->
        <test-method is-config="true" signature="tearDown()[pri:0, instance:tests.LoginPageTest@66d3eec0]" started-at="2023-04-03T09:54:01 PKT" name="tearDown" finished-at="2023-04-03T09:54:01 PKT" duration-ms="178" status="PASS">
          <reporter-output>
          </reporter-output>
        </test-method> <!-- tearDown -->
        <test-method is-config="true" signature="setUp()[pri:0, instance:tests.LoginPageTest@66d3eec0]" started-at="2023-04-03T09:54:01 PKT" name="setUp" finished-at="2023-04-03T09:54:02 PKT" duration-ms="1600" status="PASS">
          <reporter-output>
          </reporter-output>
        </test-method> <!-- setUp -->
        <test-method signature="LoginTest()[pri:3, instance:tests.LoginPageTest@66d3eec0]" started-at="2023-04-03T09:54:02 PKT" name="LoginTest" finished-at="2023-04-03T09:54:03 PKT" duration-ms="214" status="PASS">
          <reporter-output>
          </reporter-output>
        </test-method> <!-- LoginTest -->
        <test-method is-config="true" signature="tearDown()[pri:0, instance:tests.LoginPageTest@66d3eec0]" started-at="2023-04-03T09:54:03 PKT" name="tearDown" finished-at="2023-04-03T09:54:03 PKT" duration-ms="179" status="PASS">
          <reporter-output>
          </reporter-output>
        </test-method> <!-- tearDown -->
      </class> <!-- tests.LoginPageTest -->
    </test> <!--  Sample Assignment 2 Test -->
  </suite> <!-- Test Suite Final Assignment -->
</testng-results>
